{"/media/anil/BACKUP/NamastheReact/TIC-SMC-04/src/components/Body.js": {"path":"/media/anil/BACKUP/NamastheReact/TIC-SMC-04/src/components/Body.js","statementMap":{"0":{"start":{"line":7,"column":13},"end":{"line":143,"column":1}},"1":{"start":{"line":8,"column":48},"end":{"line":8,"column":60}},"2":{"start":{"line":9,"column":64},"end":{"line":9,"column":76}},"3":{"start":{"line":10,"column":38},"end":{"line":10,"column":50}},"4":{"start":{"line":11,"column":34},"end":{"line":11,"column":68}},"5":{"start":{"line":12,"column":28},"end":{"line":12,"column":42}},"6":{"start":{"line":13,"column":42},"end":{"line":13,"column":65}},"7":{"start":{"line":16,"column":27},"end":{"line":16,"column":53}},"8":{"start":{"line":18,"column":20},"end":{"line":30,"column":3}},"9":{"start":{"line":19,"column":17},"end":{"line":21,"column":5}},"10":{"start":{"line":22,"column":17},"end":{"line":22,"column":34}},"11":{"start":{"line":23,"column":4},"end":{"line":25,"column":6}},"12":{"start":{"line":26,"column":4},"end":{"line":28,"column":6}},"13":{"start":{"line":29,"column":4},"end":{"line":29,"column":32}},"14":{"start":{"line":32,"column":22},"end":{"line":49,"column":3}},"15":{"start":{"line":33,"column":4},"end":{"line":48,"column":5}},"16":{"start":{"line":34,"column":6},"end":{"line":45,"column":8}},"17":{"start":{"line":36,"column":10},"end":{"line":39,"column":13}},"18":{"start":{"line":40,"column":10},"end":{"line":40,"column":25}},"19":{"start":{"line":43,"column":10},"end":{"line":43,"column":34}},"20":{"start":{"line":47,"column":6},"end":{"line":47,"column":64}},"21":{"start":{"line":51,"column":2},"end":{"line":54,"column":9}},"22":{"start":{"line":52,"column":4},"end":{"line":52,"column":18}},"23":{"start":{"line":53,"column":4},"end":{"line":53,"column":31}},"24":{"start":{"line":56,"column":2},"end":{"line":60,"column":17}},"25":{"start":{"line":57,"column":4},"end":{"line":59,"column":5}},"26":{"start":{"line":58,"column":6},"end":{"line":58,"column":18}},"27":{"start":{"line":64,"column":2},"end":{"line":142,"column":4}},"28":{"start":{"line":73,"column":29},"end":{"line":73,"column":58}},"29":{"start":{"line":81,"column":35},"end":{"line":85,"column":15}},"30":{"start":{"line":82,"column":16},"end":{"line":84,"column":53}},"31":{"start":{"line":86,"column":14},"end":{"line":86,"column":55}},"32":{"start":{"line":96,"column":33},"end":{"line":98,"column":13}},"33":{"start":{"line":97,"column":31},"end":{"line":97,"column":71}},"34":{"start":{"line":100,"column":12},"end":{"line":100,"column":53}},"35":{"start":{"line":111,"column":12},"end":{"line":137,"column":14}},"36":{"start":{"line":115,"column":18},"end":{"line":118,"column":20}},"37":{"start":{"line":128,"column":18},"end":{"line":131,"column":20}}},"fnMap":{"0":{"name":"(anonymous_0)","decl":{"start":{"line":7,"column":13},"end":{"line":7,"column":14}},"loc":{"start":{"line":7,"column":19},"end":{"line":143,"column":1}},"line":7},"1":{"name":"(anonymous_1)","decl":{"start":{"line":18,"column":20},"end":{"line":18,"column":21}},"loc":{"start":{"line":18,"column":32},"end":{"line":30,"column":3}},"line":18},"2":{"name":"(anonymous_2)","decl":{"start":{"line":32,"column":22},"end":{"line":32,"column":23}},"loc":{"start":{"line":32,"column":28},"end":{"line":49,"column":3}},"line":32},"3":{"name":"(anonymous_3)","decl":{"start":{"line":35,"column":8},"end":{"line":35,"column":9}},"loc":{"start":{"line":35,"column":22},"end":{"line":41,"column":9}},"line":35},"4":{"name":"(anonymous_4)","decl":{"start":{"line":42,"column":8},"end":{"line":42,"column":9}},"loc":{"start":{"line":42,"column":19},"end":{"line":44,"column":9}},"line":42},"5":{"name":"(anonymous_5)","decl":{"start":{"line":51,"column":12},"end":{"line":51,"column":13}},"loc":{"start":{"line":51,"column":18},"end":{"line":54,"column":3}},"line":51},"6":{"name":"(anonymous_6)","decl":{"start":{"line":56,"column":12},"end":{"line":56,"column":13}},"loc":{"start":{"line":56,"column":18},"end":{"line":60,"column":3}},"line":56},"7":{"name":"(anonymous_7)","decl":{"start":{"line":73,"column":22},"end":{"line":73,"column":23}},"loc":{"start":{"line":73,"column":29},"end":{"line":73,"column":58}},"line":73},"8":{"name":"(anonymous_8)","decl":{"start":{"line":80,"column":21},"end":{"line":80,"column":22}},"loc":{"start":{"line":80,"column":27},"end":{"line":87,"column":13}},"line":80},"9":{"name":"(anonymous_9)","decl":{"start":{"line":81,"column":58},"end":{"line":81,"column":59}},"loc":{"start":{"line":82,"column":16},"end":{"line":84,"column":53}},"line":82},"10":{"name":"(anonymous_10)","decl":{"start":{"line":95,"column":19},"end":{"line":95,"column":20}},"loc":{"start":{"line":95,"column":25},"end":{"line":101,"column":11}},"line":95},"11":{"name":"(anonymous_11)","decl":{"start":{"line":97,"column":14},"end":{"line":97,"column":15}},"loc":{"start":{"line":97,"column":31},"end":{"line":97,"column":71}},"line":97},"12":{"name":"(anonymous_12)","decl":{"start":{"line":110,"column":38},"end":{"line":110,"column":39}},"loc":{"start":{"line":110,"column":47},"end":{"line":138,"column":11}},"line":110},"13":{"name":"(anonymous_13)","decl":{"start":{"line":114,"column":25},"end":{"line":114,"column":26}},"loc":{"start":{"line":115,"column":18},"end":{"line":118,"column":20}},"line":115},"14":{"name":"(anonymous_14)","decl":{"start":{"line":127,"column":25},"end":{"line":127,"column":26}},"loc":{"start":{"line":128,"column":18},"end":{"line":131,"column":20}},"line":128}},"branchMap":{"0":{"loc":{"start":{"line":33,"column":4},"end":{"line":48,"column":5}},"type":"if","locations":[{"start":{"line":33,"column":4},"end":{"line":48,"column":5}},{"start":{"line":46,"column":11},"end":{"line":48,"column":5}}],"line":33},"1":{"loc":{"start":{"line":57,"column":4},"end":{"line":59,"column":5}},"type":"if","locations":[{"start":{"line":57,"column":4},"end":{"line":59,"column":5}},{"start":{},"end":{}}],"line":57},"2":{"loc":{"start":{"line":57,"column":8},"end":{"line":57,"column":36}},"type":"binary-expr","locations":[{"start":{"line":57,"column":8},"end":{"line":57,"column":20}},{"start":{"line":57,"column":24},"end":{"line":57,"column":36}}],"line":57},"3":{"loc":{"start":{"line":107,"column":9},"end":{"line":139,"column":9}},"type":"cond-expr","locations":[{"start":{"line":108,"column":10},"end":{"line":108,"column":23}},{"start":{"line":110,"column":10},"end":{"line":138,"column":12}}],"line":107},"4":{"loc":{"start":{"line":111,"column":19},"end":{"line":137,"column":13}},"type":"cond-expr","locations":[{"start":{"line":112,"column":14},"end":{"line":123,"column":21}},{"start":{"line":125,"column":14},"end":{"line":136,"column":21}}],"line":111}},"s":{"0":1,"1":9,"2":9,"3":9,"4":9,"5":9,"6":9,"7":9,"8":9,"9":2,"10":2,"11":2,"12":2,"13":2,"14":9,"15":2,"16":2,"17":2,"18":2,"19":0,"20":0,"21":9,"22":2,"23":2,"24":9,"25":4,"26":2,"27":9,"28":1,"29":1,"30":20,"31":1,"32":1,"33":20,"34":1,"35":71,"36":0,"37":0},"f":{"0":9,"1":2,"2":2,"3":2,"4":0,"5":2,"6":4,"7":1,"8":1,"9":20,"10":1,"11":20,"12":71,"13":0,"14":0},"b":{"0":[2,0],"1":[2,2],"2":[4,2],"3":[4,5],"4":[34,37]},"_coverageSchema":"1a1c01bbd47fc00a2c39e90264f33305004495a9","hash":"1cc026a5582bd7b10855787aa1bf2667de92802c"}
,"/media/anil/BACKUP/NamastheReact/TIC-SMC-04/src/components/Header.js": {"path":"/media/anil/BACKUP/NamastheReact/TIC-SMC-04/src/components/Header.js","statementMap":{"0":{"start":{"line":6,"column":15},"end":{"line":48,"column":1}},"1":{"start":{"line":7,"column":42},"end":{"line":7,"column":59}},"2":{"start":{"line":8,"column":23},"end":{"line":8,"column":40}},"3":{"start":{"line":9,"column":20},"end":{"line":9,"column":60}},"4":{"start":{"line":9,"column":43},"end":{"line":9,"column":59}},"5":{"start":{"line":10,"column":2},"end":{"line":47,"column":4}},"6":{"start":{"line":36,"column":14},"end":{"line":38,"column":42}}},"fnMap":{"0":{"name":"(anonymous_0)","decl":{"start":{"line":6,"column":15},"end":{"line":6,"column":16}},"loc":{"start":{"line":6,"column":21},"end":{"line":48,"column":1}},"line":6},"1":{"name":"(anonymous_1)","decl":{"start":{"line":9,"column":32},"end":{"line":9,"column":33}},"loc":{"start":{"line":9,"column":43},"end":{"line":9,"column":59}},"line":9},"2":{"name":"(anonymous_2)","decl":{"start":{"line":35,"column":21},"end":{"line":35,"column":22}},"loc":{"start":{"line":36,"column":14},"end":{"line":38,"column":42}},"line":36}},"branchMap":{"0":{"loc":{"start":{"line":25,"column":20},"end":{"line":25,"column":60}},"type":"binary-expr","locations":[{"start":{"line":25,"column":20},"end":{"line":25,"column":40}},{"start":{"line":25,"column":44},"end":{"line":25,"column":60}}],"line":25},"1":{"loc":{"start":{"line":31,"column":16},"end":{"line":31,"column":42}},"type":"cond-expr","locations":[{"start":{"line":31,"column":31},"end":{"line":31,"column":35}},{"start":{"line":31,"column":38},"end":{"line":31,"column":42}}],"line":31},"2":{"loc":{"start":{"line":36,"column":14},"end":{"line":38,"column":42}},"type":"cond-expr","locations":[{"start":{"line":37,"column":18},"end":{"line":37,"column":43}},{"start":{"line":38,"column":18},"end":{"line":38,"column":42}}],"line":36}},"s":{"0":1,"1":3,"2":3,"3":3,"4":5,"5":3,"6":1},"f":{"0":3,"1":5,"2":1},"b":{"0":[3,0],"1":[3,0],"2":[1,0]},"_coverageSchema":"1a1c01bbd47fc00a2c39e90264f33305004495a9","hash":"d758f6fb36fed887be28790f16a3746c25e4213f"}
,"/media/anil/BACKUP/NamastheReact/TIC-SMC-04/src/components/InstaMart.js": {"path":"/media/anil/BACKUP/NamastheReact/TIC-SMC-04/src/components/InstaMart.js","statementMap":{"0":{"start":{"line":3,"column":18},"end":{"line":40,"column":1}},"1":{"start":{"line":4,"column":55},"end":{"line":4,"column":78}},"2":{"start":{"line":10,"column":2},"end":{"line":39,"column":4}},"3":{"start":{"line":22,"column":12},"end":{"line":22,"column":69}},"4":{"start":{"line":34,"column":12},"end":{"line":34,"column":68}}},"fnMap":{"0":{"name":"(anonymous_0)","decl":{"start":{"line":3,"column":18},"end":{"line":3,"column":19}},"loc":{"start":{"line":3,"column":24},"end":{"line":40,"column":1}},"line":3},"1":{"name":"(anonymous_1)","decl":{"start":{"line":21,"column":20},"end":{"line":21,"column":21}},"loc":{"start":{"line":22,"column":12},"end":{"line":22,"column":69}},"line":22},"2":{"name":"(anonymous_2)","decl":{"start":{"line":33,"column":20},"end":{"line":33,"column":21}},"loc":{"start":{"line":34,"column":12},"end":{"line":34,"column":68}},"line":34}},"branchMap":{},"s":{"0":1,"1":3,"2":3,"3":0,"4":0},"f":{"0":3,"1":0,"2":0},"b":{},"_coverageSchema":"1a1c01bbd47fc00a2c39e90264f33305004495a9","hash":"e3f791e030859f003337b0d802d0eaae3e3cb968"}
,"/media/anil/BACKUP/NamastheReact/TIC-SMC-04/src/components/RestCard.js": {"path":"/media/anil/BACKUP/NamastheReact/TIC-SMC-04/src/components/RestCard.js","statementMap":{"0":{"start":{"line":3,"column":17},"end":{"line":21,"column":1}},"1":{"start":{"line":5,"column":4},"end":{"line":5,"column":22}},"2":{"start":{"line":6,"column":21},"end":{"line":6,"column":49}},"3":{"start":{"line":7,"column":2},"end":{"line":20,"column":4}},"4":{"start":{"line":28,"column":32},"end":{"line":37,"column":1}},"5":{"start":{"line":29,"column":2},"end":{"line":36,"column":4}},"6":{"start":{"line":30,"column":4},"end":{"line":35,"column":6}}},"fnMap":{"0":{"name":"(anonymous_0)","decl":{"start":{"line":3,"column":17},"end":{"line":3,"column":18}},"loc":{"start":{"line":3,"column":28},"end":{"line":21,"column":1}},"line":3},"1":{"name":"(anonymous_1)","decl":{"start":{"line":28,"column":32},"end":{"line":28,"column":33}},"loc":{"start":{"line":28,"column":46},"end":{"line":37,"column":1}},"line":28},"2":{"name":"(anonymous_2)","decl":{"start":{"line":29,"column":9},"end":{"line":29,"column":10}},"loc":{"start":{"line":29,"column":20},"end":{"line":36,"column":3}},"line":29}},"branchMap":{},"s":{"0":2,"1":73,"2":73,"3":73,"4":2,"5":10,"6":35},"f":{"0":73,"1":10,"2":35},"b":{},"_coverageSchema":"1a1c01bbd47fc00a2c39e90264f33305004495a9","hash":"9f2af21f91354d2a0ad1710be4e806f5c1ee072e"}
,"/media/anil/BACKUP/NamastheReact/TIC-SMC-04/src/components/sum.js": {"path":"/media/anil/BACKUP/NamastheReact/TIC-SMC-04/src/components/sum.js","statementMap":{"0":{"start":{"line":1,"column":19},"end":{"line":3,"column":1}},"1":{"start":{"line":2,"column":2},"end":{"line":2,"column":15}}},"fnMap":{"0":{"name":"(anonymous_0)","decl":{"start":{"line":1,"column":19},"end":{"line":1,"column":20}},"loc":{"start":{"line":1,"column":29},"end":{"line":3,"column":1}},"line":1}},"branchMap":{},"s":{"0":1,"1":2},"f":{"0":2},"b":{},"_coverageSchema":"1a1c01bbd47fc00a2c39e90264f33305004495a9","hash":"760ba39d0c679de876f96112611ce9e0df7443e2"}
,"/media/anil/BACKUP/NamastheReact/TIC-SMC-04/src/utils/appStore.js": {"path":"/media/anil/BACKUP/NamastheReact/TIC-SMC-04/src/utils/appStore.js","statementMap":{"0":{"start":{"line":3,"column":17},"end":{"line":7,"column":2}}},"fnMap":{},"branchMap":{},"s":{"0":1},"f":{},"b":{},"_coverageSchema":"1a1c01bbd47fc00a2c39e90264f33305004495a9","hash":"57146be16173fcc75ec5740993145f1b13a59a68"}
}
