TN:
SF:src/components/Body.js
FN:7,(anonymous_0)
FN:18,(anonymous_1)
FN:32,(anonymous_2)
FN:35,(anonymous_3)
FN:42,(anonymous_4)
FN:51,(anonymous_5)
FN:56,(anonymous_6)
FN:73,(anonymous_7)
FN:80,(anonymous_8)
FN:81,(anonymous_9)
FN:95,(anonymous_10)
FN:97,(anonymous_11)
FN:110,(anonymous_12)
FN:114,(anonymous_13)
FN:127,(anonymous_14)
FNF:15
FNH:12
FNDA:9,(anonymous_0)
FNDA:2,(anonymous_1)
FNDA:2,(anonymous_2)
FNDA:2,(anonymous_3)
FNDA:0,(anonymous_4)
FNDA:2,(anonymous_5)
FNDA:4,(anonymous_6)
FNDA:1,(anonymous_7)
FNDA:1,(anonymous_8)
FNDA:20,(anonymous_9)
FNDA:1,(anonymous_10)
FNDA:20,(anonymous_11)
FNDA:71,(anonymous_12)
FNDA:0,(anonymous_13)
FNDA:0,(anonymous_14)
DA:7,1
DA:8,9
DA:9,9
DA:10,9
DA:11,9
DA:12,9
DA:13,9
DA:16,9
DA:18,9
DA:19,2
DA:22,2
DA:23,2
DA:26,2
DA:29,2
DA:32,9
DA:33,2
DA:34,2
DA:36,2
DA:40,2
DA:43,0
DA:47,0
DA:51,9
DA:52,2
DA:53,2
DA:56,9
DA:57,4
DA:58,2
DA:64,9
DA:73,1
DA:81,1
DA:82,20
DA:86,1
DA:96,1
DA:97,20
DA:100,1
DA:111,71
DA:115,0
DA:128,0
LF:38
LH:34
BRDA:33,0,0,2
BRDA:33,0,1,0
BRDA:57,1,0,2
BRDA:57,1,1,2
BRDA:57,2,0,4
BRDA:57,2,1,2
BRDA:107,3,0,4
BRDA:107,3,1,5
BRDA:111,4,0,34
BRDA:111,4,1,37
BRF:10
BRH:9
end_of_record
TN:
SF:src/components/Header.js
FN:6,(anonymous_0)
FN:9,(anonymous_1)
FN:35,(anonymous_2)
FNF:3
FNH:3
FNDA:3,(anonymous_0)
FNDA:5,(anonymous_1)
FNDA:1,(anonymous_2)
DA:6,1
DA:7,3
DA:8,3
DA:9,5
DA:10,3
DA:36,1
LF:6
LH:6
BRDA:25,0,0,3
BRDA:25,0,1,0
BRDA:31,1,0,3
BRDA:31,1,1,0
BRDA:36,2,0,1
BRDA:36,2,1,0
BRF:6
BRH:3
end_of_record
TN:
SF:src/components/InstaMart.js
FN:3,(anonymous_0)
FN:21,(anonymous_1)
FN:33,(anonymous_2)
FNF:3
FNH:1
FNDA:3,(anonymous_0)
FNDA:0,(anonymous_1)
FNDA:0,(anonymous_2)
DA:3,1
DA:4,3
DA:10,3
DA:22,0
DA:34,0
LF:5
LH:3
BRF:0
BRH:0
end_of_record
TN:
SF:src/components/RestCard.js
FN:3,(anonymous_0)
FN:28,(anonymous_1)
FN:29,(anonymous_2)
FNF:3
FNH:3
FNDA:73,(anonymous_0)
FNDA:10,(anonymous_1)
FNDA:35,(anonymous_2)
DA:3,2
DA:5,73
DA:6,73
DA:7,73
DA:28,2
DA:29,10
DA:30,35
LF:7
LH:7
BRF:0
BRH:0
end_of_record
TN:
SF:src/components/sum.js
FN:1,(anonymous_0)
FNF:1
FNH:1
FNDA:2,(anonymous_0)
DA:1,1
DA:2,2
LF:2
LH:2
BRF:0
BRH:0
end_of_record
TN:
SF:src/utils/appStore.js
FNF:0
FNH:0
DA:3,1
LF:1
LH:1
BRF:0
BRH:0
end_of_record
